<?xml version="1.0" encoding="UTF-8"?>
<!-- Generated by org.testng.reporters.JUnitReportReporter -->
<testsuite hostname="Dhananjays-MacBook-Air.local" failures="0" tests="3" name="com.blockchain.tests.SigninFlowTests" time="41.366" errors="0" timestamp="2025-04-29T15:53:41 IST" skipped="0">
  <testcase classname="com.blockchain.tests.SigninFlowTests" name="verifyLoginWithUnRegisteredEmailAndValidPassword" time="12.989"/>
  <system-out/>
  <testcase classname="com.blockchain.tests.SigninFlowTests" name="verifyLoginWithValidEmailAndInvalidPassword" time="17.624"/>
  <system-out/>
  <testcase classname="com.blockchain.tests.SigninFlowTests" name="verifyLogin" time="10.753"/>
  <system-out/>
</testsuite> <!-- com.blockchain.tests.SigninFlowTests -->
