<?xml version="1.0" encoding="UTF-8"?>
<!-- Generated by org.testng.reporters.JUnitReportReporter -->
<testsuite hostname="Dhananjays-MacBook-Air.local" failures="0" tests="1" name="com.blockchain.tests.SignOutTests" time="16.356" errors="0" timestamp="2025-04-29T15:53:41 IST" skipped="0">
  <testcase classname="com.blockchain.tests.SignOutTests" name="verfiySignOut" time="16.356"/>
  <system-out/>
</testsuite> <!-- com.blockchain.tests.SignOutTests -->
