<?xml version="1.0" encoding="UTF-8"?>
<!-- Generated by org.testng.reporters.JUnitReportReporter -->
<testsuite hostname="Dhananjays-MacBook-Air.local" failures="0" tests="4" name="com.blockchain.tests.OnboardingOCNNodeFlowTests" time="62.264" errors="0" timestamp="2025-04-29T15:53:41 IST" skipped="1">
  <testcase classname="com.blockchain.tests.OnboardingOCNNodeFlowTests" name="verifyDashboardOptionNdesArePresent" time="20.058"/>
  <system-out/>
  <testcase classname="com.blockchain.tests.OnboardingOCNNodeFlowTests" name="verifyAddingOnboardOCNNode" time="20.434"/>
  <system-out/>
  <testcase classname="com.blockchain.tests.OnboardingOCNNodeFlowTests" name="verifyAddingMultipleNodes" time="21.772"/>
  <system-out/>
  <testcase classname="com.blockchain.tests.OnboardingOCNNodeFlowTests" name="verifyLogin">
    <skipped/>
  </testcase> <!-- verifyLogin -->
  <system-out/>
</testsuite> <!-- com.blockchain.tests.OnboardingOCNNodeFlowTests -->
