<?xml version="1.0" encoding="UTF-8"?>
<!-- Generated by org.testng.reporters.JUnitReportReporter -->
<testsuite hostname="Dhananjays-MacBook-Air.local" failures="0" tests="1" name="com.blockchain.tests.LaunchOCNChildNetworkTests" time="25.101" errors="0" timestamp="2025-04-29T15:53:41 IST" skipped="0">
  <testcase classname="com.blockchain.tests.LaunchOCNChildNetworkTests" name="verifyAddingOCNChildNetwork" time="25.101"/>
  <system-out/>
</testsuite> <!-- com.blockchain.tests.LaunchOCNChildNetworkTests -->
