<?xml version="1.0" encoding="UTF-8"?>
<!-- Generated by org.testng.reporters.JUnitReportReporter -->
<testsuite hostname="Dhananjays-MacBook-Air.local" failures="0" tests="4" name="com.blockchain.tests.OnboardingFlowTests" time="24.633" errors="0" timestamp="2025-04-27T23:44:17 IST" skipped="3">
  <testcase classname="com.blockchain.tests.OnboardingFlowTests" name="repeat" time="24.633"/>
  <testcase classname="com.blockchain.tests.OnboardingFlowTests" name="verifyLogin">
    <skipped/>
  </testcase> <!-- verifyLogin -->
  <testcase classname="com.blockchain.tests.OnboardingFlowTests" name="verifyDashboardOptionNdesArePresent">
    <skipped/>
  </testcase> <!-- verifyDashboardOptionNdesArePresent -->
  <testcase classname="com.blockchain.tests.OnboardingFlowTests" name="verifyAddingOnboardOCNNode">
    <skipped/>
  </testcase> <!-- verifyAddingOnboardOCNNode -->
</testsuite> <!-- com.blockchain.tests.OnboardingFlowTests -->
