<?xml version="1.0" encoding="UTF-8"?>
<!-- Generated by org.testng.reporters.JUnitReportReporter -->
<testsuite hostname="Dhananjays-MacBook-Air.local" failures="0" tests="2" name="com.blockchain.tests.SigninFlowTests" time="27.291" errors="0" timestamp="2025-04-29T15:21:27 IST" skipped="0">
  <testcase classname="com.blockchain.tests.SigninFlowTests" name="verifyLoginWithUnRegisteredEmailAndValidPassword" time="11.915"/>
  <testcase classname="com.blockchain.tests.SigninFlowTests" name="verifyLogin" time="15.376"/>
</testsuite> <!-- com.blockchain.tests.SigninFlowTests -->
