<?xml version="1.0" encoding="UTF-8"?>
<!-- Generated by org.testng.reporters.JUnitReportReporter -->
<testsuite hostname="Dhananjays-MacBook-Air.local" failures="0" tests="3" name="com.blockchain.tests.OnboardingOCNNodeFlowTests" time="56.418" errors="0" timestamp="2025-04-29T15:21:27 IST" skipped="1">
  <testcase classname="com.blockchain.tests.OnboardingOCNNodeFlowTests" name="verifyDashboardOptionNdesArePresent" time="22.471"/>
  <testcase classname="com.blockchain.tests.OnboardingOCNNodeFlowTests" name="verifyAddingOnboardOCNNode" time="33.947"/>
  <testcase classname="com.blockchain.tests.OnboardingOCNNodeFlowTests" name="verifyLogin">
    <skipped/>
  </testcase> <!-- verifyLogin -->
</testsuite> <!-- com.blockchain.tests.OnboardingOCNNodeFlowTests -->
