<?xml version="1.0" encoding="UTF-8"?>
<!-- Generated by org.testng.reporters.JUnitReportReporter -->
<testsuite hostname="Dhananjays-MacBook-Air.local" failures="0" tests="1" name="com.blockchain.tests.SignUpTests" time="16.024" errors="0" timestamp="2025-04-29T15:21:27 IST" skipped="0">
  <testcase classname="com.blockchain.tests.SignUpTests" name="verifySingup" time="16.024"/>
</testsuite> <!-- com.blockchain.tests.SignUpTests -->
